Determining if the function wsyncup exists in the /Library/Developer/CommandLineTools/SDKs/MacOSX13.3.sdk/usr/lib/libcurses.tbd passed with the following output:
Change Dir: /Users/kasra/MyDocuments-Local/trunk-jpl/externalpackages/cmake/src/Source/Checks/Curses-build/CMakeFiles/CMakeTmp

Run Build Command(s):/usr/bin/make cmTC_dcb53/fast && make  -f CMakeFiles/cmTC_dcb53.dir/build.make CMakeFiles/cmTC_dcb53.dir/build
Building C object CMakeFiles/cmTC_dcb53.dir/CheckFunctionExists.c.o
/Library/Developer/CommandLineTools/usr/bin/clang   -DCHECK_FUNCTION_EXISTS=wsyncup -arch arm64 -isysroot /Library/Developer/CommandLineTools/SDKs/MacOSX13.3.sdk -o CMakeFiles/cmTC_dcb53.dir/CheckFunctionExists.c.o -c /Users/kasra/MyDocuments-Local/trunk-jpl/externalpackages/cmake/src/Modules/CheckFunctionExists.c
Linking C executable cmTC_dcb53
/Users/kasra/MyDocuments-Local/trunk-jpl/externalpackages/cmake/src/Bootstrap.cmk/cmake -E cmake_link_script CMakeFiles/cmTC_dcb53.dir/link.txt --verbose=1
/Library/Developer/CommandLineTools/usr/bin/clang  -DCHECK_FUNCTION_EXISTS=wsyncup -arch arm64 -isysroot /Library/Developer/CommandLineTools/SDKs/MacOSX13.3.sdk -Wl,-search_paths_first -Wl,-headerpad_max_install_names CMakeFiles/cmTC_dcb53.dir/CheckFunctionExists.c.o -o cmTC_dcb53  /Library/Developer/CommandLineTools/SDKs/MacOSX13.3.sdk/usr/lib/libcurses.tbd 



Determining if the function cbreak exists in the /Library/Developer/CommandLineTools/SDKs/MacOSX13.3.sdk/usr/lib/libncurses.tbd passed with the following output:
Change Dir: /Users/kasra/MyDocuments-Local/trunk-jpl/externalpackages/cmake/src/Source/Checks/Curses-build/CMakeFiles/CMakeTmp

Run Build Command(s):/usr/bin/make cmTC_2aa49/fast && make  -f CMakeFiles/cmTC_2aa49.dir/build.make CMakeFiles/cmTC_2aa49.dir/build
Building C object CMakeFiles/cmTC_2aa49.dir/CheckFunctionExists.c.o
/Library/Developer/CommandLineTools/usr/bin/clang   -DCHECK_FUNCTION_EXISTS=cbreak -arch arm64 -isysroot /Library/Developer/CommandLineTools/SDKs/MacOSX13.3.sdk -o CMakeFiles/cmTC_2aa49.dir/CheckFunctionExists.c.o -c /Users/kasra/MyDocuments-Local/trunk-jpl/externalpackages/cmake/src/Modules/CheckFunctionExists.c
Linking C executable cmTC_2aa49
/Users/kasra/MyDocuments-Local/trunk-jpl/externalpackages/cmake/src/Bootstrap.cmk/cmake -E cmake_link_script CMakeFiles/cmTC_2aa49.dir/link.txt --verbose=1
/Library/Developer/CommandLineTools/usr/bin/clang  -DCHECK_FUNCTION_EXISTS=cbreak -arch arm64 -isysroot /Library/Developer/CommandLineTools/SDKs/MacOSX13.3.sdk -Wl,-search_paths_first -Wl,-headerpad_max_install_names CMakeFiles/cmTC_2aa49.dir/CheckFunctionExists.c.o -o cmTC_2aa49  /Library/Developer/CommandLineTools/SDKs/MacOSX13.3.sdk/usr/lib/libncurses.tbd 



Determining if the function nodelay exists in the /Library/Developer/CommandLineTools/SDKs/MacOSX13.3.sdk/usr/lib/libncurses.tbd passed with the following output:
Change Dir: /Users/kasra/MyDocuments-Local/trunk-jpl/externalpackages/cmake/src/Source/Checks/Curses-build/CMakeFiles/CMakeTmp

Run Build Command(s):/usr/bin/make cmTC_9dbb3/fast && make  -f CMakeFiles/cmTC_9dbb3.dir/build.make CMakeFiles/cmTC_9dbb3.dir/build
Building C object CMakeFiles/cmTC_9dbb3.dir/CheckFunctionExists.c.o
/Library/Developer/CommandLineTools/usr/bin/clang   -DCHECK_FUNCTION_EXISTS=nodelay -arch arm64 -isysroot /Library/Developer/CommandLineTools/SDKs/MacOSX13.3.sdk -o CMakeFiles/cmTC_9dbb3.dir/CheckFunctionExists.c.o -c /Users/kasra/MyDocuments-Local/trunk-jpl/externalpackages/cmake/src/Modules/CheckFunctionExists.c
Linking C executable cmTC_9dbb3
/Users/kasra/MyDocuments-Local/trunk-jpl/externalpackages/cmake/src/Bootstrap.cmk/cmake -E cmake_link_script CMakeFiles/cmTC_9dbb3.dir/link.txt --verbose=1
/Library/Developer/CommandLineTools/usr/bin/clang  -DCHECK_FUNCTION_EXISTS=nodelay -arch arm64 -isysroot /Library/Developer/CommandLineTools/SDKs/MacOSX13.3.sdk -Wl,-search_paths_first -Wl,-headerpad_max_install_names CMakeFiles/cmTC_9dbb3.dir/CheckFunctionExists.c.o -o cmTC_9dbb3  /Library/Developer/CommandLineTools/SDKs/MacOSX13.3.sdk/usr/lib/libncurses.tbd 



